<?xml version="1.0" encoding="UTF-8"?>
<!-- Generated by org.testng.reporters.JUnitReportReporter -->
<testsuite hostname="Ronnie-PC" name="Utilities.LoginTest" tests="1" failures="0" timestamp="5 Nov 2019 01:09:16 GMT" time="14.467" errors="0">
  <testcase name="f" time="14.467" classname="Utilities.LoginTest"/>
</testsuite> <!-- Utilities.LoginTest -->
