<?xml version="1.0" encoding="UTF-8"?>
<!-- Generated by org.testng.reporters.JUnitReportReporter -->
<testsuite hostname="Ronnie-PC" name="TestClass.TestWrongPasswordLoginFail" tests="1" failures="0" timestamp="9 Jan 2020 07:47:00 GMT" time="16.993" errors="0">
  <testcase name="f" time="16.993" classname="TestClass.TestWrongPasswordLoginFail"/>
</testsuite> <!-- TestClass.TestWrongPasswordLoginFail -->
