<?xml version="1.0" encoding="UTF-8"?>
<!-- Generated by org.testng.reporters.JUnitReportReporter -->
<testsuite hostname="Ronnie-PC" name="TestClass.TestClass1" tests="1" failures="0" timestamp="9 Jan 2020 07:36:43 GMT" time="32.005" errors="0">
  <testcase name="test1" time="32.005" classname="TestClass.TestClass1"/>
</testsuite> <!-- TestClass.TestClass1 -->
