<?xml version="1.0" encoding="UTF-8"?>
<!-- Generated by org.testng.reporters.JUnitReportReporter -->
<testsuite hostname="Ronnie-PC" name="TestClass.TestLoginSuccess" tests="1" failures="0" timestamp="9 Jan 2020 07:57:07 GMT" time="27.098" errors="0">
  <testcase name="test1" time="27.098" classname="TestClass.TestLoginSuccess"/>
</testsuite> <!-- TestClass.TestLoginSuccess -->
